#
# There is insufficient memory for the Java Runtime Environment to continue.
# Native memory allocation (malloc) failed to allocate 1048576 bytes for AllocateHeap
# Possible reasons:
#   The system is out of physical RAM or swap space
#   In 32 bit mode, the process size limit was hit
# Possible solutions:
#   Reduce memory load on the system
#   Increase physical memory or swap space
#   Check if swap backing store is full
#   Use 64 bit Java on a 64 bit OS
#   Decrease Java heap size (-Xmx/-Xms)
#   Decrease number of Java threads
#   Decrease Java thread stack sizes (-Xss)
#   Set larger code cache with -XX:ReservedCodeCacheSize=
# This output file may be truncated or incomplete.
#
#  Out of Memory Error (memory/allocation.inline.hpp:61), pid=297660, tid=0x0000000000048d38
#
# JRE version:  (8.0_111-b14) (build )
# Java VM: Java HotSpot(TM) 64-Bit Server VM (25.111-b14 mixed mode windows-amd64 compressed oops)
# Failed to write core dump. Minidumps are not enabled by default on client versions of Windows
#

---------------  T H R E A D  ---------------

Current thread (0x000000000156d800):  JavaThread "Unknown thread" [_thread_in_vm, id=298296, stack(0x0000000001a90000,0x0000000001b90000)]

Stack: [0x0000000001a90000,0x0000000001b90000]
[error occurred during error reporting (printing stack bounds), id 0xc0000005]

Native frames: (J=compiled Java code, j=interpreted, Vv=VM code, C=native code)


---------------  P R O C E S S  ---------------

Java Threads: ( => current thread )

Other Threads:

=>0x000000000156d800 (exited) JavaThread "Unknown thread" [_thread_in_vm, id=298296, stack(0x0000000001a90000,0x0000000001b90000)]

VM state:not at safepoint (normal execution)

VM Mutex/Monitor currently owned by a thread: None

Heap:
 PSYoungGen      total 57344K, used 983K [0x00000000f5580000, 0x00000000f9580000, 0x0000000100000000)
  eden space 49152K, 2% used [0x00000000f5580000,0x00000000f5675c38,0x00000000f8580000)
  from space 8192K, 0% used [0x00000000f8d80000,0x00000000f8d80000,0x00000000f9580000)
  to   space 8192K, 0% used [0x00000000f8580000,0x00000000f8580000,0x00000000f8d80000)
 ParOldGen       total 131072K, used 0K [0x00000000e0000000, 0x00000000e8000000, 0x00000000f5580000)
  object space 131072K, 0% used [0x00000000e0000000,0x00000000e0000000,0x00000000e8000000)
 Metaspace       used 770K, capacity 4480K, committed 4480K, reserved 1056768K
  class space    used 75K, capacity 384K, committed 384K, reserved 1048576K

Card table byte_map: [0x0000000011050000,0x0000000011160000] byte_map_base: 0x0000000010950000

Marking Bits: (ParMarkBitMap*) 0x0000000077a9a6c0
 Begin Bits: [0x0000000011a10000, 0x0000000012210000)
 End Bits:   [0x0000000012210000, 0x0000000012a10000)

Polling page: 0x0000000001540000

CodeCache: size=245760Kb used=328Kb max_used=328Kb free=245431Kb
 bounds [0x0000000001c90000, 0x0000000001f00000, 0x0000000010c90000]
 total_blobs=58 nmethods=0 adapters=38
 compilation: enabled

Compilation events (0 events):
No events

GC Heap History (0 events):
No events

Deoptimization events (0 events):
No events

Internal exceptions (0 events):
No events

Events (10 events):
Event: 0.068 loading class java/lang/Short
Event: 0.068 loading class java/lang/Short done
Event: 0.068 loading class java/lang/Integer
Event: 0.069 loading class java/lang/Integer done
Event: 0.069 loading class java/lang/Long
Event: 0.069 loading class java/lang/Long done
Event: 0.070 loading class java/lang/NullPointerException
Event: 0.070 loading class java/lang/NullPointerException done
Event: 0.070 loading class java/lang/ArithmeticException
Event: 0.070 loading class java/lang/ArithmeticException done


Dynamic libraries:
0x00007ff625590000 - 0x00007ff6255c7000 	c:\jdk-8u111\bin\java.exe
0x00007ffbb2ba0000 - 0x00007ffbb2d90000 	C:\WINDOWS\SYSTEM32\ntdll.dll
0x00007ffbb1c10000 - 0x00007ffbb1cc2000 	C:\WINDOWS\System32\KERNEL32.DLL
0x00007ffbb0500000 - 0x00007ffbb07a3000 	C:\WINDOWS\System32\KERNELBASE.dll
0x00007ffbb0e90000 - 0x00007ffbb0f33000 	C:\WINDOWS\System32\ADVAPI32.dll
0x00007ffbb1e70000 - 0x00007ffbb1f0e000 	C:\WINDOWS\System32\msvcrt.dll
0x00007ffbb0df0000 - 0x00007ffbb0e87000 	C:\WINDOWS\System32\sechost.dll
0x00007ffbb2540000 - 0x00007ffbb2660000 	C:\WINDOWS\System32\RPCRT4.dll
0x00007ffbb1cd0000 - 0x00007ffbb1e63000 	C:\WINDOWS\System32\USER32.dll
0x00007ffbafb60000 - 0x00007ffbafb81000 	C:\WINDOWS\System32\win32u.dll
0x00007ffbb2510000 - 0x00007ffbb2536000 	C:\WINDOWS\System32\GDI32.dll
0x00007ffbb0910000 - 0x00007ffbb0aa4000 	C:\WINDOWS\System32\gdi32full.dll
0x00007ffbb0bb0000 - 0x00007ffbb0c4e000 	C:\WINDOWS\System32\msvcp_win.dll
0x00007ffbb0810000 - 0x00007ffbb090a000 	C:\WINDOWS\System32\ucrtbase.dll
0x00007ffba6c30000 - 0x00007ffba6eb5000 	C:\WINDOWS\WinSxS\amd64_microsoft.windows.common-controls_6595b64144ccf1df_6.0.18362.295_none_e6c3acbd13101292\COMCTL32.dll
0x00007ffbb21a0000 - 0x00007ffbb24d6000 	C:\WINDOWS\System32\combase.dll
0x00007ffbb0330000 - 0x00007ffbb03b0000 	C:\WINDOWS\System32\bcryptPrimitives.dll
0x0000000050150000 - 0x0000000050222000 	c:\jdk-8u111\jre\bin\msvcr100.dll
0x0000000077280000 - 0x0000000077b1a000 	c:\jdk-8u111\jre\bin\server\jvm.dll
0x00007ffbb1a50000 - 0x00007ffbb1a58000 	C:\WINDOWS\System32\PSAPI.DLL
0x00007ffb9eb70000 - 0x00007ffb9eb79000 	C:\WINDOWS\SYSTEM32\WSOCK32.dll
0x00007ffbaab10000 - 0x00007ffbaab1a000 	C:\WINDOWS\SYSTEM32\VERSION.dll
0x00007ffbab6a0000 - 0x00007ffbab6c4000 	C:\WINDOWS\SYSTEM32\WINMM.dll
0x00007ffbb0fc0000 - 0x00007ffbb102f000 	C:\WINDOWS\System32\WS2_32.dll
0x00007ffbab5d0000 - 0x00007ffbab5fd000 	C:\WINDOWS\SYSTEM32\WINMMBASE.dll
0x00007ffbb0ab0000 - 0x00007ffbb0afa000 	C:\WINDOWS\System32\cfgmgr32.dll
0x0000000050140000 - 0x000000005014f000 	c:\jdk-8u111\jre\bin\verify.dll
0x0000000050110000 - 0x0000000050139000 	c:\jdk-8u111\jre\bin\java.dll
0x00000000500f0000 - 0x0000000050106000 	c:\jdk-8u111\jre\bin\zip.dll

VM Arguments:
jvm_args: -Xmx512M 
java_command: c:\grib2json-0.8.0\bin\..\lib\grib2json-0.8.0-SNAPSHOT.jar -d -n -v -c -o current-wind-surface-level-gfs-1.0.json gfs.grib2
java_class_path (initial): c:\grib2json-0.8.0\bin\..\lib\grib2json-0.8.0-SNAPSHOT.jar
Launcher Type: SUN_STANDARD

Environment Variables:
JAVA_HOME=c:\jdk-8u111
PATH=C:\ProgramData\Oracle\Java\javapath;C:\Program Files (x86)\Intel\iCLS Client\;C:\Program Files\Intel\iCLS Client\;C:\WINDOWS\system32;C:\WINDOWS;C:\WINDOWS\System32\Wbem;C:\WINDOWS\System32\WindowsPowerShell\v1.0\;C:\Program Files\Intel\Intel(R) Management Engine Components\DAL;C:\Program Files\Intel\Intel(R) Management Engine Components\IPT;C:\Program Files (x86)\Intel\Intel(R) Management Engine Components\DAL;C:\Program Files (x86)\Intel\Intel(R) Management Engine Components\IPT;C:\Program Files (x86)\Intel\OpenCL SDK\2.0\bin\x86;C:\Program Files (x86)\Intel\OpenCL SDK\2.0\bin\x64;C:\Program Files (x86)\ATI Technologies\ATI.ACE\Core-Static;C:\Chocolatey\bin;C:\Program Files\Microsoft\Web Platform Installer\;C:\Program Files (x86)\Microsoft ASP.NET\ASP.NET Web Pages\v1.0\;C:\Program Files (x86)\Windows Kits\8.0\Windows Performance Toolkit\;C:\Program Files\Microsoft SQL Server\110\Tools\Binn\;C:\Program Files (x86)\GitExtensions\;C:\Program Files\nodejs\;C:\WINDOWS\System32\OpenSSH\;C:\Program Files\Git\cmd;C:\Program Files (x86)\NVIDIA Corporation\PhysX\Common;C:\Program Files\NVIDIA Corporation\NVIDIA NvDLISR;%SystemRoot%\system32;%SystemRoot%;%SystemRoot%\System32\Wbem;%SYSTEMROOT%\System32\WindowsPowerShell\v1.0\;%SYSTEMROOT%\System32\OpenSSH\;C:\Ruby23-x64\bin;C:\Users\me\AppData\Local\Microsoft\WindowsApps;c:\jdk-8u111\bin;c:\maven\bin;c:\grib2json-0.8.0\bin;C:\Program Files\Heroku\bin;C:\Users\me\AppData\Roaming\npm;C:\MinGW\bin;C:\Program Files (x86)\WinSCP
USERNAME=me
OS=Windows_NT
PROCESSOR_IDENTIFIER=Intel64 Family 6 Model 58 Stepping 9, GenuineIntel



---------------  S Y S T E M  ---------------

OS: Windows 10.0 , 64 bit Build 18362 (10.0.18362.86)

CPU:total 8 (4 cores per cpu, 2 threads per core) family 6 model 58 stepping 9, cmov, cx8, fxsr, mmx, sse, sse2, sse3, ssse3, sse4.1, sse4.2, popcnt, avx, aes, clmul, erms, ht, tsc, tscinvbit, tscinv

Memory: 4k page, physical 12565572k(3062208k free), swap 12565572k(5852k free)

vm_info: Java HotSpot(TM) 64-Bit Server VM (25.111-b14) for windows-amd64 JRE (1.8.0_111-b14), built on Sep 22 2016 19:24:05 by "java_re" with MS VC++ 10.0 (VS2010)

time: Sun Sep 01 11:45:08 2019
elapsed time: 0 seconds (0d 0h 0m 0s)

