#
# There is insufficient memory for the Java Runtime Environment to continue.
# Native memory allocation (malloc) failed to allocate 263216 bytes for Chunk::new
# Possible reasons:
#   The system is out of physical RAM or swap space
#   In 32 bit mode, the process size limit was hit
# Possible solutions:
#   Reduce memory load on the system
#   Increase physical memory or swap space
#   Check if swap backing store is full
#   Use 64 bit Java on a 64 bit OS
#   Decrease Java heap size (-Xmx/-Xms)
#   Decrease number of Java threads
#   Decrease Java thread stack sizes (-Xss)
#   Set larger code cache with -XX:ReservedCodeCacheSize=
# This output file may be truncated or incomplete.
#
#  Out of Memory Error (allocation.cpp:390), pid=279444, tid=0x0000000000042db8
#
# JRE version: Java(TM) SE Runtime Environment (8.0_111-b14) (build 1.8.0_111-b14)
# Java VM: Java HotSpot(TM) 64-Bit Server VM (25.111-b14 mixed mode windows-amd64 compressed oops)
# Failed to write core dump. Minidumps are not enabled by default on client versions of Windows
#

---------------  T H R E A D  ---------------

Current thread (0x0000000014987000):  JavaThread "C2 CompilerThread1" daemon [_thread_in_native, id=273848, stack(0x0000000015260000,0x0000000015360000)]

Stack: [0x0000000015260000,0x0000000015360000]
[error occurred during error reporting (printing stack bounds), id 0xc0000005]

Native frames: (J=compiled Java code, j=interpreted, Vv=VM code, C=native code)


Current CompileTask:
C2:   1476  373   !   4       sun.misc.URLClassPath$JarLoader::getResource (85 bytes)


---------------  P R O C E S S  ---------------

Java Threads: ( => current thread )
  0x00000000149e7800 JavaThread "Service Thread" daemon [_thread_blocked, id=275732, stack(0x0000000015560000,0x0000000015660000)]
  0x000000001499c000 JavaThread "C1 CompilerThread3" daemon [_thread_blocked, id=277148, stack(0x0000000015460000,0x0000000015560000)]
  0x000000001498b000 JavaThread "C2 CompilerThread2" daemon [_thread_blocked, id=277656, stack(0x0000000015360000,0x0000000015460000)]
=>0x0000000014987000 JavaThread "C2 CompilerThread1" daemon [_thread_in_native, id=273848, stack(0x0000000015260000,0x0000000015360000)]
  0x0000000014996800 JavaThread "C2 CompilerThread0" daemon [_thread_blocked, id=275480, stack(0x0000000015160000,0x0000000015260000)]
  0x0000000014994000 JavaThread "Attach Listener" daemon [_thread_blocked, id=277256, stack(0x0000000015060000,0x0000000015160000)]
  0x0000000014993000 JavaThread "Signal Dispatcher" daemon [_thread_blocked, id=278280, stack(0x0000000014f60000,0x0000000015060000)]
  0x00000000012be000 JavaThread "Finalizer" daemon [_thread_blocked, id=278380, stack(0x0000000014d60000,0x0000000014e60000)]
  0x0000000012a7d800 JavaThread "Reference Handler" daemon [_thread_blocked, id=278508, stack(0x0000000014860000,0x0000000014960000)]
  0x00000000011bd800 JavaThread "main" [_thread_in_vm, id=278800, stack(0x0000000001000000,0x0000000001100000)]

Other Threads:
  0x0000000012a79800 VMThread [stack: 0x0000000014760000,0x0000000014860000] [id=278308]
  0x0000000014a4b000 WatcherThread [stack: 0x0000000015660000,0x0000000015760000] [id=277156]

VM state:not at safepoint (normal execution)

VM Mutex/Monitor currently owned by a thread: None

Heap:
 PSYoungGen      total 57344K, used 9838K [0x00000000f5580000, 0x00000000f9580000, 0x0000000100000000)
  eden space 49152K, 20% used [0x00000000f5580000,0x00000000f5f1b978,0x00000000f8580000)
  from space 8192K, 0% used [0x00000000f8d80000,0x00000000f8d80000,0x00000000f9580000)
  to   space 8192K, 0% used [0x00000000f8580000,0x00000000f8580000,0x00000000f8d80000)
 ParOldGen       total 131072K, used 0K [0x00000000e0000000, 0x00000000e8000000, 0x00000000f5580000)
  object space 131072K, 0% used [0x00000000e0000000,0x00000000e0000000,0x00000000e8000000)
 Metaspace       used 5902K, capacity 6000K, committed 6272K, reserved 1056768K
  class space    used 743K, capacity 784K, committed 896K, reserved 1048576K

Card table byte_map: [0x0000000010680000,0x0000000010790000] byte_map_base: 0x000000000ff80000

Marking Bits: (ParMarkBitMap*) 0x000000005568a6c0
 Begin Bits: [0x0000000010f90000, 0x0000000011790000)
 End Bits:   [0x0000000011790000, 0x0000000011f90000)

Polling page: 0x00000000001f0000

CodeCache: size=245760Kb used=1871Kb max_used=1871Kb free=243888Kb
 bounds [0x00000000012c0000, 0x0000000001530000, 0x00000000102c0000]
 total_blobs=652 nmethods=378 adapters=187
 compilation: enabled

Compilation events (10 events):
Event: 1.470 Thread 0x000000001499c000  374       3       java.util.zip.ZipFile::getZipEntry (236 bytes)
Event: 1.470 Thread 0x000000001499c000 nmethod 374 0x000000000148a0d0 code [0x000000000148a320, 0x000000000148aea8]
Event: 1.473 Thread 0x000000001499c000  376       3       java.util.jar.JarFile::getManifestFromReference (113 bytes)
Event: 1.474 Thread 0x000000001499c000 nmethod 376 0x000000000148e190 code [0x000000000148e4c0, 0x000000000148fb18]
Event: 1.474 Thread 0x000000001499c000  375       3       java.util.jar.JarFile::getManifest (5 bytes)
Event: 1.474 Thread 0x000000001499c000 nmethod 375 0x0000000001488c10 code [0x0000000001488d80, 0x0000000001488f08]
Event: 1.474 Thread 0x000000001499c000  377       3       java.lang.ClassNotFoundException::<init> (7 bytes)
Event: 1.474 Thread 0x000000001499c000 nmethod 377 0x00000000014908d0 code [0x0000000001490a40, 0x0000000001490c88]
Event: 1.474 Thread 0x000000001499c000  378       3       java.net.URLClassLoader::defineClass (142 bytes)
Event: 1.475 Thread 0x000000001499c000 nmethod 378 0x0000000001490d90 code [0x0000000001491100, 0x00000000014933d8]

GC Heap History (0 events):
No events

Deoptimization events (0 events):
No events

Internal exceptions (10 events):
Event: 1.231 Thread 0x00000000011bd800 Exception <a 'java/security/PrivilegedActionException'> (0x00000000f5654788) thrown at [C:\re\workspace\8-2-build-windows-amd64-cygwin\jdk8u111\7883\hotspot\src\share\vm\prims\jvm.cpp, line 1386]
Event: 1.231 Thread 0x00000000011bd800 Exception <a 'java/security/PrivilegedActionException'> (0x00000000f5656a70) thrown at [C:\re\workspace\8-2-build-windows-amd64-cygwin\jdk8u111\7883\hotspot\src\share\vm\prims\jvm.cpp, line 1386]
Event: 1.231 Thread 0x00000000011bd800 Exception <a 'java/security/PrivilegedActionException'> (0x00000000f5656c80) thrown at [C:\re\workspace\8-2-build-windows-amd64-cygwin\jdk8u111\7883\hotspot\src\share\vm\prims\jvm.cpp, line 1386]
Event: 1.297 Thread 0x00000000011bd800 Exception <a 'java/io/FileNotFoundException'> (0x00000000f58de230) thrown at [C:\re\workspace\8-2-build-windows-amd64-cygwin\jdk8u111\7883\hotspot\src\share\vm\prims\jni.cpp, line 709]
Event: 1.448 Thread 0x00000000011bd800 Exception <a 'java/lang/ArrayIndexOutOfBoundsException'> (0x00000000f5cdfed8) thrown at [C:\re\workspace\8-2-build-windows-amd64-cygwin\jdk8u111\7883\hotspot\src\share\vm\runtime\sharedRuntime.cpp, line 605]
Event: 1.448 Thread 0x00000000011bd800 Exception <a 'java/lang/ArrayIndexOutOfBoundsException'> (0x00000000f5ce12c8) thrown at [C:\re\workspace\8-2-build-windows-amd64-cygwin\jdk8u111\7883\hotspot\src\share\vm\runtime\sharedRuntime.cpp, line 605]
Event: 1.449 Thread 0x00000000011bd800 Exception <a 'java/lang/ArrayIndexOutOfBoundsException'> (0x00000000f5ce2260) thrown at [C:\re\workspace\8-2-build-windows-amd64-cygwin\jdk8u111\7883\hotspot\src\share\vm\runtime\sharedRuntime.cpp, line 605]
Event: 1.450 Thread 0x00000000011bd800 Exception <a 'java/lang/ArrayIndexOutOfBoundsException'> (0x00000000f5cefde8) thrown at [C:\re\workspace\8-2-build-windows-amd64-cygwin\jdk8u111\7883\hotspot\src\share\vm\runtime\sharedRuntime.cpp, line 605]
Event: 1.450 Thread 0x00000000011bd800 Exception <a 'java/lang/ArrayIndexOutOfBoundsException'> (0x00000000f5cf2ed8) thrown at [C:\re\workspace\8-2-build-windows-amd64-cygwin\jdk8u111\7883\hotspot\src\share\vm\runtime\sharedRuntime.cpp, line 605]
Event: 1.451 Thread 0x00000000011bd800 Exception <a 'java/lang/ArrayIndexOutOfBoundsException'> (0x00000000f5cf7ea8) thrown at [C:\re\workspace\8-2-build-windows-amd64-cygwin\jdk8u111\7883\hotspot\src\share\vm\runtime\sharedRuntime.cpp, line 605]

Events (10 events):
Event: 1.475 loading class com/lexicalscope/jewel/cli/validation/ReportWrongNumberOfValues
Event: 1.475 loading class com/lexicalscope/jewel/cli/validation/ReportWrongNumberOfValues done
Event: 1.475 loading class com/lexicalscope/jewel/cli/validation/ReportWrongFormatValues
Event: 1.475 loading class com/lexicalscope/jewel/cli/validation/ReportWrongFormatValues done
Event: 1.475 loading class com/lexicalscope/jewelcli/internal/fluentcollectionsmap/$PutVetoingMap
Event: 1.475 loading class com/lexicalscope/jewelcli/internal/fluentcollectionsmap/$PutVetoingMap done
Event: 1.475 loading class com/lexicalscope/jewelcli/internal/fluentcollectionsmap/$AbstractPutManipulatingMap
Event: 1.475 loading class com/lexicalscope/jewelcli/internal/fluentcollectionsmap/$AbstractPutManipulatingMap done
Event: 1.476 loading class com/lexicalscope/jewelcli/internal/fluentcollectionsmap/$KeyVetoingMap
Event: 1.476 loading class com/lexicalscope/jewelcli/internal/fluentcollectionsmap/$KeyVetoingMap done


Dynamic libraries:
0x00007ff7e2da0000 - 0x00007ff7e2dd7000 	c:\jdk-8u111\bin\java.exe
0x00007ffa23060000 - 0x00007ffa23250000 	C:\WINDOWS\SYSTEM32\ntdll.dll
0x00007ffa22eb0000 - 0x00007ffa22f62000 	C:\WINDOWS\System32\KERNEL32.DLL
0x00007ffa20110000 - 0x00007ffa203b3000 	C:\WINDOWS\System32\KERNELBASE.dll
0x00007ffa22250000 - 0x00007ffa222f3000 	C:\WINDOWS\System32\ADVAPI32.dll
0x00007ffa22890000 - 0x00007ffa2292e000 	C:\WINDOWS\System32\msvcrt.dll
0x00007ffa22cb0000 - 0x00007ffa22d47000 	C:\WINDOWS\System32\sechost.dll
0x00007ffa22710000 - 0x00007ffa22830000 	C:\WINDOWS\System32\RPCRT4.dll
0x00007ffa22b10000 - 0x00007ffa22ca3000 	C:\WINDOWS\System32\USER32.dll
0x00007ffa20e30000 - 0x00007ffa20e51000 	C:\WINDOWS\System32\win32u.dll
0x00007ffa219d0000 - 0x00007ffa219f6000 	C:\WINDOWS\System32\GDI32.dll
0x00007ffa20f70000 - 0x00007ffa21104000 	C:\WINDOWS\System32\gdi32full.dll
0x00007ffa20070000 - 0x00007ffa2010e000 	C:\WINDOWS\System32\msvcp_win.dll
0x00007ffa20d30000 - 0x00007ffa20e2a000 	C:\WINDOWS\System32\ucrtbase.dll
0x00007ffa170b0000 - 0x00007ffa17335000 	C:\WINDOWS\WinSxS\amd64_microsoft.windows.common-controls_6595b64144ccf1df_6.0.18362.295_none_e6c3acbd13101292\COMCTL32.dll
0x00007ffa22300000 - 0x00007ffa22636000 	C:\WINDOWS\System32\combase.dll
0x00007ffa203c0000 - 0x00007ffa20440000 	C:\WINDOWS\System32\bcryptPrimitives.dll
0x0000000055710000 - 0x00000000557e2000 	c:\jdk-8u111\jre\bin\msvcr100.dll
0x0000000054e70000 - 0x000000005570a000 	c:\jdk-8u111\jre\bin\server\jvm.dll
0x00007ffa21800000 - 0x00007ffa21808000 	C:\WINDOWS\System32\PSAPI.DLL
0x00007ffa1b750000 - 0x00007ffa1b774000 	C:\WINDOWS\SYSTEM32\WINMM.dll
0x00007ffa0e550000 - 0x00007ffa0e559000 	C:\WINDOWS\SYSTEM32\WSOCK32.dll
0x00007ffa22640000 - 0x00007ffa226af000 	C:\WINDOWS\System32\WS2_32.dll
0x00007ffa1af50000 - 0x00007ffa1af5a000 	C:\WINDOWS\SYSTEM32\VERSION.dll
0x00007ffa1b720000 - 0x00007ffa1b74d000 	C:\WINDOWS\SYSTEM32\WINMMBASE.dll
0x00007ffa1fff0000 - 0x00007ffa2003a000 	C:\WINDOWS\System32\cfgmgr32.dll
0x0000000054e60000 - 0x0000000054e6f000 	c:\jdk-8u111\jre\bin\verify.dll
0x0000000054e30000 - 0x0000000054e59000 	c:\jdk-8u111\jre\bin\java.dll
0x0000000054e10000 - 0x0000000054e26000 	c:\jdk-8u111\jre\bin\zip.dll
0x00007ffa21110000 - 0x00007ffa217f2000 	C:\WINDOWS\System32\SHELL32.dll
0x00007ffa22dc0000 - 0x00007ffa22e69000 	C:\WINDOWS\System32\shcore.dll
0x00007ffa205b0000 - 0x00007ffa20d2c000 	C:\WINDOWS\System32\windows.storage.dll
0x00007ffa1ffd0000 - 0x00007ffa1ffef000 	C:\WINDOWS\System32\profapi.dll
0x00007ffa1ff60000 - 0x00007ffa1ffaa000 	C:\WINDOWS\System32\powrprof.dll
0x00007ffa1ff30000 - 0x00007ffa1ff40000 	C:\WINDOWS\System32\UMPDC.dll
0x00007ffa226b0000 - 0x00007ffa22702000 	C:\WINDOWS\System32\shlwapi.dll
0x00007ffa1ff40000 - 0x00007ffa1ff51000 	C:\WINDOWS\System32\kernel.appcore.dll
0x00007ffa20590000 - 0x00007ffa205a7000 	C:\WINDOWS\System32\cryptsp.dll

VM Arguments:
jvm_args: -Xmx512M 
java_command: c:\grib2json-0.8.0\bin\..\lib\grib2json-0.8.0-SNAPSHOT.jar -d -n -v -c -o current-wind-surface-level-gfs-1.0.json gfs.grib2
java_class_path (initial): c:\grib2json-0.8.0\bin\..\lib\grib2json-0.8.0-SNAPSHOT.jar
Launcher Type: SUN_STANDARD

Environment Variables:
JAVA_HOME=c:\jdk-8u111
PATH=C:\ProgramData\Oracle\Java\javapath;C:\Program Files (x86)\Intel\iCLS Client\;C:\Program Files\Intel\iCLS Client\;C:\WINDOWS\system32;C:\WINDOWS;C:\WINDOWS\System32\Wbem;C:\WINDOWS\System32\WindowsPowerShell\v1.0\;C:\Program Files\Intel\Intel(R) Management Engine Components\DAL;C:\Program Files\Intel\Intel(R) Management Engine Components\IPT;C:\Program Files (x86)\Intel\Intel(R) Management Engine Components\DAL;C:\Program Files (x86)\Intel\Intel(R) Management Engine Components\IPT;C:\Program Files (x86)\Intel\OpenCL SDK\2.0\bin\x86;C:\Program Files (x86)\Intel\OpenCL SDK\2.0\bin\x64;C:\Program Files (x86)\ATI Technologies\ATI.ACE\Core-Static;C:\Chocolatey\bin;C:\Program Files\Microsoft\Web Platform Installer\;C:\Program Files (x86)\Microsoft ASP.NET\ASP.NET Web Pages\v1.0\;C:\Program Files (x86)\Windows Kits\8.0\Windows Performance Toolkit\;C:\Program Files\Microsoft SQL Server\110\Tools\Binn\;C:\Program Files (x86)\GitExtensions\;C:\Program Files\nodejs\;C:\WINDOWS\System32\OpenSSH\;C:\Program Files\Git\cmd;C:\Program Files (x86)\NVIDIA Corporation\PhysX\Common;C:\Program Files\NVIDIA Corporation\NVIDIA NvDLISR;%SystemRoot%\system32;%SystemRoot%;%SystemRoot%\System32\Wbem;%SYSTEMROOT%\System32\WindowsPowerShell\v1.0\;%SYSTEMROOT%\System32\OpenSSH\;C:\Ruby23-x64\bin;C:\Users\me\AppData\Local\Microsoft\WindowsApps;c:\jdk-8u111\bin;c:\maven\bin;c:\grib2json-0.8.0\bin;C:\Program Files\Heroku\bin;C:\Users\me\AppData\Roaming\npm;C:\MinGW\bin;C:\Program Files (x86)\WinSCP
USERNAME=me
OS=Windows_NT
PROCESSOR_IDENTIFIER=Intel64 Family 6 Model 58 Stepping 9, GenuineIntel



---------------  S Y S T E M  ---------------

OS: Windows 10.0 , 64 bit Build 18362 (10.0.18362.86)

CPU:total 8 (4 cores per cpu, 2 threads per core) family 6 model 58 stepping 9, cmov, cx8, fxsr, mmx, sse, sse2, sse3, ssse3, sse4.1, sse4.2, popcnt, avx, aes, clmul, erms, ht, tsc, tscinvbit, tscinv

Memory: 4k page, physical 12565572k(3163856k free), swap 12565572k(5124k free)

vm_info: Java HotSpot(TM) 64-Bit Server VM (25.111-b14) for windows-amd64 JRE (1.8.0_111-b14), built on Sep 22 2016 19:24:05 by "java_re" with MS VC++ 10.0 (VS2010)

time: Thu Sep 12 17:45:10 2019
elapsed time: 1 seconds (0d 0h 0m 1s)

